Arguments: 
  /usr/bin/node /usr/local/bin/yarn add brcypt

PATH: 
  /home/l3000/.local/bin:/usr/local/sbin:/usr/local/bin:/usr/sbin:/usr/bin:/sbin:/bin:/usr/games:/usr/local/games:/snap/bin

Yarn version: 
  1.22.11

Node version: 
  12.21.0

Platform: 
  linux x64

Trace: 
  Error: connect EHOSTUNREACH 104.16.26.35:443
      at TCPConnectWrap.afterConnect [as oncomplete] (net.js:1138:16)

npm manifest: 
  {
    "name": "server",
    "version": "1.0.0",
    "description": "",
    "main": "index.js",
    "scripts": {
      "start": "nodemon index.js"
    },
    "keywords": [],
    "author": "",
    "license": "ISC",
    "dependencies": {
      "cors": "^2.8.5",
      "express": "^4.17.1",
      "jsonwebtoken": "^8.5.1",
      "mongoose": "^5.12.14",
      "nodemon": "^2.0.7"
    }
  }

yarn manifest: 
  No manifest

Lockfile: 
  No lockfile
